{"level":"error","message":"message :"}
{"level":"error","message":"message : "}
{"message":"/63/update","level":"error"}
{"message":"Error","level":"error"}
{"message":"/100/update","level":"error"}
{"message":"Error","level":"error"}
{"message":"/102/update","level":"error"}
{"message":"Error","level":"error"}
{"message":"/103/update","level":"error"}
{"message":"Error","level":"error"}
{"message":"/104/update","level":"error"}
{"message":"Error","level":"error"}
{"message":"/104/update","level":"error"}
{"message":"Error","level":"error"}
{"message":"/105/update","level":"error"}
{"message":"Error","level":"error"}
{"message":"/105/update","level":"error"}
{"message":"Error","level":"error"}
{"message":"/106/update","level":"error"}
{"message":"Error","level":"error"}
{"message":"/107/update","level":"error"}
{"message":"Error","level":"error"}
{"message":"/","level":"error"}
{"message":"ReferenceError","level":"error"}
{"message":"/","level":"error"}
{"message":"ReferenceError","level":"error"}
{"message":"/","level":"error"}
{"message":"ReferenceError","level":"error"}
{"message":"ReferenceError","level":"error"}
{"message":"/122/update","level":"error"}
{"message":"Error","level":"error"}
{"message":"ReferenceError","level":"error"}
{"message":"/123/watched","level":"error"}
{"message":"TypeError","level":"error"}
{"message":"ReferenceError","level":"error"}
{"message":"/123/watched","level":"error"}
{"message":"TypeError","level":"error"}
{"message":"\"password\" length must be at least 3 characters long","level":"error"}
{"message":"\"password\" length must be at least 3 characters long","level":"error"}
{"message":"\"email\" must be a valid email","level":"error"}
{"message":"\"title\" is required","level":"error"}
{"message":"\"userCreatedId\" is not allowed","level":"error"}
{"message":"/","level":"error"}
{"message":"Error","level":"error"}
{"message":"/","level":"error"}
{"message":"Error","level":"error"}
{"message":"/","level":"error"}
{"message":"Error","level":"error"}
{"message":"/","level":"error"}
{"message":"Error","level":"error"}
{"message":"/","level":"error"}
{"message":"Error","level":"error"}
{"message":"\"name\" is required","level":"error"}
{"message":"\"name\" is required","level":"error"}
{"message":"\"name\" is required","level":"error"}
{"message":"\"name\" is required","level":"error"}
{"message":"\"name\" is required","level":"error"}
{"message":"\"name\" is required","level":"error"}
{"message":"\"name\" is required","level":"error"}
{"message":"\"name\" is required","level":"error"}
{"message":"\"name\" is required","level":"error"}
{"message":"\"name\" is required","level":"error"}
{"message":"\"name\" is required","level":"error"}
{"message":"\"name\" is required","level":"error"}
{"message":"\"name\" is required","level":"error"}
{"message":"\"name\" is required","level":"error"}
{"message":"\"name\" is required","level":"error"}
{"message":"\"name\" is required","level":"error"}
{"message":"\"email\" is required","level":"error"}
{"message":"\"email\" must be a valid email","level":"error"}
{"message":"\"name\" is required","level":"error"}
{"message":"\"name\" is required","level":"error"}
{"message":"\"password\" is not allowed to be empty","level":"error"}
{"message":"\"email\" is required","level":"error"}
{"message":"\"email\" must be a valid email","level":"error"}
{"message":"\"name\" is required","level":"error"}
{"message":"\"name\" is required","level":"error"}
{"message":"\"email\" is required","level":"error"}
{"message":"\"email\" must be a valid email","level":"error"}
{"message":"\"name\" is required","level":"error"}
{"message":"\"name\" is required","level":"error"}
{"message":"\"email\" is required","level":"error"}
{"message":"\"email\" must be a valid email","level":"error"}
{"message":"\"name\" is required","level":"error"}
{"message":"\"name\" is required","level":"error"}
{"message":"\"name\" is required","level":"error"}
{"message":"\"name\" is required","level":"error"}
{"message":"\"email\" is required","level":"error"}
{"message":"\"email\" must be a valid email","level":"error"}
{"message":"\"name\" is required","level":"error"}
{"message":"\"name\" is required","level":"error"}
{"message":"\"title\" is required","level":"error"}
{"message":"\"title\" is required","level":"error"}
{"message":"/","level":"error"}
{"message":"Error","level":"error"}
{"message":"\"title\" is required","level":"error"}
{"message":"/","level":"error"}
{"message":"Error","level":"error"}
{"message":"/","level":"error"}
{"message":"Error","level":"error"}
{"message":"\"title\" is required","level":"error"}
{"message":"/","level":"error"}
{"message":"Error","level":"error"}
{"message":"\"title\" is required","level":"error"}
{"message":"/","level":"error"}
{"message":"Error","level":"error"}
