{"message":"/","level":"info"}
{"message":"/","level":"info"}
{"message":"/","level":"info"}
{"level":"error","message":"message :"}
{"message":"/","level":"info"}
{"level":"error","message":"message : "}
{"message":"/","level":"info"}
{"message":"/","level":"info"}
{"message":"/","level":"info"}
{"message":"/","level":"info"}
{"message":"/","level":"info"}
{"message":"/","level":"info"}
{"message":"/","level":"info"}
{"message":"/","level":"info"}
{"message":"/","level":"info"}
{"message":"/","level":"info"}
{"message":"/","level":"info"}
{"message":"/","level":"info"}
{"message":"/","level":"info"}
{"level":"warn","message":"message : "}
{"message":"/","level":"info"}
{"message":"/","level":"info"}
{"message":"/","level":"info"}
{"level":"warn","message":"message : "}
{"message":"/","level":"info"}
{"message":"/","level":"info"}
{"message":"/","level":"info"}
{"message":"/","level":"info"}
{"message":"/","level":"info"}
{"message":"/","level":"info"}
{"message":"/","level":"info"}
{"message":"/","level":"info"}
{"message":"/","level":"info"}
{"message":"/","level":"info"}
{"message":"/","level":"info"}
{"message":"/","level":"info"}
{"message":"/","level":"info"}
{"message":"/","level":"info"}
{"message":"/","level":"info"}
{"message":"/","level":"info"}
{"message":"/","level":"info"}
{"message":"/","level":"info"}
{"message":"/","level":"info"}
{"message":"/","level":"info"}
{"message":"/","level":"info"}
{"message":"/","level":"info"}
{"message":"/","level":"info"}
{"message":"/","level":"info"}
{"message":"/","level":"info"}
{"message":"/","level":"info"}
{"message":"/","level":"info"}
{"message":"/","level":"info"}
{"message":"/","level":"info"}
{"message":"/","level":"info"}
{"message":"/","level":"info"}
{"message":"/","level":"info"}
{"message":"/","level":"info"}
{"message":"/","level":"info"}
{"message":"/89","level":"info"}
{"message":"/86","level":"info"}
{"message":"/87","level":"info"}
{"message":"/88","level":"info"}
{"message":"/","level":"info"}
{"message":"/","level":"info"}
{"message":"/90","level":"info"}
{"message":"/","level":"info"}
{"message":"/","level":"info"}
{"message":"/91","level":"info"}
{"message":"/","level":"info"}
{"message":"/92","level":"info"}
{"message":"/","level":"info"}
{"message":"/","level":"info"}
{"message":"/","level":"info"}
{"message":"/","level":"info"}
{"message":"/64/watched","level":"info"}
{"message":"/","level":"info"}
{"message":"/65/watched","level":"info"}
{"message":"/","level":"info"}
{"message":"/66/watched","level":"info"}
{"message":"/","level":"info"}
{"message":"/61/watched","level":"info"}
{"message":"/","level":"info"}
{"message":"/93","level":"info"}
{"message":"/","level":"info"}
{"message":"/93","level":"info"}
{"message":"/93","level":"info"}
{"message":"/93/update","level":"info"}
{"message":"/93/update","level":"info"}
{"message":"/93","level":"info"}
{"message":"/93","level":"info"}
{"message":"/93","level":"info"}
{"message":"/","level":"info"}
{"message":"/","level":"info"}
{"message":"/94","level":"info"}
{"message":"/","level":"info"}
{"message":"/","level":"info"}
{"message":"/","level":"info"}
{"message":"/95","level":"info"}
{"message":"/95","level":"info"}
{"message":"/","level":"info"}
{"message":"/","level":"info"}
{"message":"/96","level":"info"}
{"message":"/96","level":"info"}
{"message":"/","level":"info"}
{"message":"/","level":"info"}
{"message":"/97","level":"info"}
{"message":"/97","level":"info"}
{"message":"/","level":"info"}
{"message":"/","level":"info"}
{"message":"/98","level":"info"}
{"message":"/","level":"info"}
{"message":"/","level":"info"}
{"message":"/99","level":"info"}
{"message":"/63/update","level":"info"}
{"message":"/63/update","level":"error"}
{"message":"Error","level":"error"}
{"message":"/","level":"info"}
{"message":"/","level":"info"}
{"message":"/","level":"info"}
{"message":"/100/update","level":"info"}
{"message":"/100/update","level":"error"}
{"message":"Error","level":"error"}
{"message":"/undefined","level":"info"}
{"message":"/","level":"info"}
{"message":"/101","level":"info"}
{"message":"/","level":"info"}
{"message":"/102/update","level":"info"}
{"message":"/102/update","level":"error"}
{"message":"Error","level":"error"}
{"message":"/undefined","level":"info"}
{"message":"/","level":"info"}
{"message":"/103/update","level":"info"}
{"message":"/103/update","level":"error"}
{"message":"Error","level":"error"}
{"message":"/undefined","level":"info"}
{"message":"/","level":"info"}
{"message":"/104/update","level":"info"}
{"message":"/104/update","level":"error"}
{"message":"Error","level":"error"}
{"message":"/104/update","level":"info"}
{"message":"/104/update","level":"error"}
{"message":"Error","level":"error"}
{"message":"/104","level":"info"}
{"message":"/","level":"info"}
{"message":"/105/update","level":"info"}
{"message":"/105/update","level":"error"}
{"message":"Error","level":"error"}
{"message":"/","level":"info"}
{"message":"/100","level":"info"}
{"message":"/102","level":"info"}
{"message":"/105","level":"info"}
{"message":"/103","level":"info"}
{"message":"/105/update","level":"info"}
{"message":"/105/update","level":"error"}
{"message":"Error","level":"error"}
{"message":"/","level":"info"}
{"message":"/","level":"info"}
{"message":"/106/update","level":"info"}
{"message":"/106/update","level":"error"}
{"message":"Error","level":"error"}
{"message":"/undefined","level":"info"}
{"message":"/","level":"info"}
{"message":"/107/update","level":"info"}
{"message":"/107/update","level":"error"}
{"message":"Error","level":"error"}
{"message":"/undefined","level":"info"}
{"message":"/","level":"info"}
{"message":"/108/update","level":"info"}
{"message":"/undefined","level":"info"}
{"message":"/","level":"info"}
{"message":"/109/update","level":"info"}
{"message":"/","level":"info"}
{"message":"/106","level":"info"}
{"message":"/107","level":"info"}
{"message":"/108","level":"info"}
{"message":"/109","level":"info"}
{"message":"/","level":"info"}
{"message":"/110/update","level":"info"}
{"message":"/","level":"info"}
{"message":"/","level":"info"}
{"message":"/","level":"info"}
{"message":"/110/update","level":"info"}
{"message":"/110/update","level":"info"}
{"message":"/110","level":"info"}
{"message":"/","level":"info"}
{"message":"/64/watched","level":"info"}
{"message":"/","level":"info"}
{"message":"/65/watched","level":"info"}
{"message":"/","level":"info"}
{"message":"/","level":"info"}
{"message":"/66/watched","level":"info"}
{"message":"/86/watched","level":"info"}
{"message":"/","level":"info"}
{"message":"/66/watched","level":"info"}
{"message":"/","level":"info"}
{"message":"/66/watched","level":"info"}
{"message":"/","level":"info"}
{"message":"/65/watched","level":"info"}
{"message":"/","level":"info"}
{"message":"/65/watched","level":"info"}
{"message":"/66/watched","level":"info"}
{"message":"/","level":"info"}
{"message":"/","level":"info"}
{"message":"/","level":"info"}
{"message":"/","level":"info"}
{"message":"/66/watched","level":"info"}
{"message":"/","level":"info"}
{"message":"/66/watched","level":"info"}
{"message":"/","level":"info"}
{"message":"/","level":"info"}
{"message":"/117","level":"info"}
{"message":"/","level":"info"}
{"message":"/66/watched","level":"info"}
{"message":"/","level":"info"}
{"message":"/","level":"error"}
{"message":"ReferenceError","level":"error"}
{"message":"/","level":"info"}
{"message":"/66/watched","level":"info"}
{"message":"/","level":"info"}
{"message":"/","level":"error"}
{"message":"ReferenceError","level":"error"}
{"message":"/","level":"info"}
{"message":"/66/watched","level":"info"}
{"message":"/66/watched","level":"info"}
{"message":"/","level":"info"}
{"message":"/119","level":"info"}
{"message":"/","level":"info"}
{"message":"/","level":"info"}
{"message":"/118","level":"info"}
{"message":"/","level":"info"}
{"message":"/","level":"error"}
{"message":"ReferenceError","level":"error"}
{"message":"/","level":"info"}
{"message":"/66/watched","level":"info"}
{"message":"/","level":"info"}
{"message":"/","level":"info"}
{"message":"/66/watched","level":"info"}
{"message":"/","level":"info"}
{"message":"/66/watched","level":"info"}
{"message":"/120/watched","level":"info"}
{"message":"/","level":"info"}
{"message":"/66/watched","level":"info"}
{"message":"/","level":"info"}
{"message":"/120","level":"info"}
{"message":"/","level":"info"}
{"message":"/121","level":"info"}
{"message":"/","level":"info"}
{"message":"/","level":"info"}
{"message":"/","level":"info"}
{"message":"/66/watched","level":"info"}
{"message":"/","level":"info"}
{"message":"/122/watched","level":"info"}
{"message":"/","level":"info"}
{"message":"/66/watched","level":"info"}
{"message":"/","level":"info"}
{"message":"/66/watched","level":"info"}
{"message":"/","level":"info"}
{"message":"/122/update","level":"info"}
{"message":"ReferenceError","level":"error"}
{"message":"/122/update","level":"error"}
{"message":"Error","level":"error"}
{"message":"/","level":"info"}
{"message":"/66/watched","level":"info"}
{"message":"/","level":"info"}
{"message":"/122/update","level":"info"}
{"message":"/","level":"info"}
{"message":"/66/watched","level":"info"}
{"message":"/","level":"info"}
{"message":"/122/update","level":"info"}
{"message":"/","level":"info"}
{"message":"/123/watched","level":"info"}
{"message":"ReferenceError","level":"error"}
{"message":"/123/watched","level":"error"}
{"message":"TypeError","level":"error"}
{"message":"/","level":"info"}
{"message":"/66/watched","level":"info"}
{"message":"/123/watched","level":"info"}
{"message":"ReferenceError","level":"error"}
{"message":"/123/watched","level":"error"}
{"message":"TypeError","level":"error"}
{"message":"/","level":"info"}
{"message":"/66/watched","level":"info"}
{"message":"/123/watched","level":"info"}
{"message":"/","level":"info"}
{"message":"/66/watched","level":"info"}
{"message":"/","level":"info"}
{"message":"/","level":"info"}
{"message":"/","level":"info"}
{"message":"/66/watched","level":"info"}
{"message":"/","level":"info"}
{"message":"/","level":"info"}
{"message":"/122/update","level":"info"}
{"message":"/","level":"info"}
{"message":"/","level":"info"}
{"message":"/66/watched","level":"info"}
{"message":"/","level":"info"}
{"message":"/","level":"info"}
{"message":"/","level":"info"}
{"message":"/","level":"info"}
{"message":"/","level":"info"}
{"message":"/123/update","level":"info"}
{"message":"/","level":"info"}
{"message":"/123","level":"info"}
{"message":"/","level":"info"}
{"message":"/","level":"info"}
{"message":"/122/update","level":"info"}
{"message":"/","level":"info"}
{"message":"/","level":"info"}
{"message":"/","level":"info"}
{"message":"/124/watched","level":"info"}
{"message":"/","level":"info"}
{"message":"/66/watched","level":"info"}
{"message":"/86","level":"info"}
{"message":"/","level":"info"}
{"message":"/","level":"info"}
{"message":"/122","level":"info"}
{"message":"/","level":"info"}
{"message":"\"password\" length must be at least 3 characters long","level":"error"}
{"message":"\"password\" length must be at least 3 characters long","level":"error"}
{"message":"\"email\" must be a valid email","level":"error"}
{"message":"/","level":"info"}
{"message":"\"title\" is required","level":"error"}
{"message":"\"userCreatedId\" is not allowed","level":"error"}
{"message":"/","level":"info"}
{"message":"/","level":"info"}
{"message":"/","level":"error"}
{"message":"Error","level":"error"}
{"message":"/","level":"info"}
{"message":"/","level":"error"}
{"message":"Error","level":"error"}
{"message":"/","level":"info"}
{"message":"/","level":"error"}
{"message":"Error","level":"error"}
{"message":"/","level":"info"}
{"message":"/","level":"error"}
{"message":"Error","level":"error"}
{"message":"/","level":"info"}
{"message":"/","level":"error"}
{"message":"Error","level":"error"}
{"message":"/","level":"info"}
{"message":"\"name\" is required","level":"error"}
{"message":"\"name\" is required","level":"error"}
{"message":"\"name\" is required","level":"error"}
{"message":"\"name\" is required","level":"error"}
{"message":"/","level":"info"}
{"message":"\"name\" is required","level":"error"}
{"message":"/","level":"info"}
{"message":"\"name\" is required","level":"error"}
{"message":"/","level":"info"}
{"message":"\"name\" is required","level":"error"}
{"message":"/","level":"info"}
{"message":"\"name\" is required","level":"error"}
{"message":"/","level":"info"}
{"message":"/","level":"info"}
{"message":"/","level":"info"}
{"message":"/","level":"info"}
{"message":"/","level":"info"}
{"message":"/","level":"info"}
{"message":"\"name\" is required","level":"error"}
{"message":"\"name\" is required","level":"error"}
{"message":"/","level":"info"}
{"message":"\"name\" is required","level":"error"}
{"message":"\"name\" is required","level":"error"}
{"message":"/","level":"info"}
{"message":"\"name\" is required","level":"error"}
{"message":"\"name\" is required","level":"error"}
{"message":"/","level":"info"}
{"message":"\"name\" is required","level":"error"}
{"message":"\"name\" is required","level":"error"}
{"message":"/","level":"info"}
{"message":"\"email\" is required","level":"error"}
{"message":"\"email\" must be a valid email","level":"error"}
{"message":"/","level":"info"}
{"message":"\"name\" is required","level":"error"}
{"message":"\"name\" is required","level":"error"}
{"message":"\"password\" is not allowed to be empty","level":"error"}
{"message":"\"email\" is required","level":"error"}
{"message":"\"email\" must be a valid email","level":"error"}
{"message":"/","level":"info"}
{"message":"\"name\" is required","level":"error"}
{"message":"\"name\" is required","level":"error"}
{"message":"/","level":"info"}
{"message":"\"email\" is required","level":"error"}
{"message":"\"email\" must be a valid email","level":"error"}
{"message":"/","level":"info"}
{"level":"warn","message":"message : "}
{"message":"/","level":"info"}
{"message":"\"name\" is required","level":"error"}
{"message":"\"name\" is required","level":"error"}
{"message":"/","level":"info"}
{"message":"\"email\" is required","level":"error"}
{"message":"\"email\" must be a valid email","level":"error"}
{"message":"/","level":"info"}
{"level":"warn","message":"message : "}
{"message":"/","level":"info"}
{"level":"warn","message":"message : "}
{"message":"/","level":"info"}
{"message":"\"name\" is required","level":"error"}
{"message":"\"name\" is required","level":"error"}
{"message":"/","level":"info"}
{"message":"\"name\" is required","level":"error"}
{"message":"\"name\" is required","level":"error"}
{"message":"/","level":"info"}
{"message":"\"email\" is required","level":"error"}
{"message":"\"email\" must be a valid email","level":"error"}
{"message":"/","level":"info"}
{"level":"warn","message":"message : "}
{"message":"/","level":"info"}
{"level":"warn","message":"message : "}
{"message":"/","level":"info"}
{"message":"/","level":"info"}
{"message":"\"name\" is required","level":"error"}
{"message":"/1","level":"info"}
{"message":"/1","level":"info"}
{"message":"/2","level":"info"}
{"message":"/109","level":"info"}
{"message":"/","level":"info"}
{"message":"/1111","level":"info"}
{"message":"/111","level":"info"}
{"message":"/","level":"info"}
{"message":"/112","level":"info"}
{"message":"/113","level":"info"}
{"message":"/109","level":"info"}
{"message":"/109","level":"info"}
{"message":"/109","level":"info"}
{"message":"/undefined","level":"info"}
{"message":"/undefined","level":"info"}
{"message":"/109","level":"info"}
{"message":"/undefined","level":"info"}
{"message":"/11/update","level":"info"}
{"message":"\"name\" is required","level":"error"}
{"message":"/11/update","level":"info"}
{"message":"\"title\" is required","level":"error"}
{"message":"/11/update","level":"info"}
{"message":"\"title\" is required","level":"error"}
{"message":"/","level":"info"}
{"message":"/","level":"error"}
{"message":"Error","level":"error"}
{"message":"/11/update","level":"info"}
{"message":"\"title\" is required","level":"error"}
{"message":"/","level":"info"}
{"message":"/","level":"error"}
{"message":"Error","level":"error"}
{"message":"/","level":"info"}
{"message":"/","level":"error"}
{"message":"Error","level":"error"}
{"message":"/11/update","level":"info"}
{"message":"\"title\" is required","level":"error"}
{"message":"/","level":"info"}
{"message":"/","level":"error"}
{"message":"Error","level":"error"}
{"message":"/11/update","level":"info"}
{"message":"\"title\" is required","level":"error"}
{"message":"/","level":"info"}
{"message":"/","level":"error"}
{"message":"Error","level":"error"}
{"message":"/11/update","level":"info"}
